<component name="libraryTable">
  <library name="junit:junit:4.8" type="repository">
    <properties include-transitive-deps="false" maven-id="junit:junit:4.8" />
    <CLASSES>
      <root url="jar://$MAVEN_REPOSITORY$/junit/junit/4.8/junit-4.8.jar!/" />
    </CLASSES>
    <JAVADOC>
      <root url="jar://$MAVEN_REPOSITORY$/junit/junit/4.8/junit-4.8-javadoc.jar!/" />
    </JAVADOC>
    <SOURCES>
      <root url="jar://$MAVEN_REPOSITORY$/junit/junit/4.8/junit-4.8-sources.jar!/" />
    </SOURCES>
  </library>
</component>